Log file open, 01/23/22 04:19:20
LogWindows: Failed to load 'aqProf.dll' (GetLastError=126)
LogWindows: File 'aqProf.dll' does not exist
LogProfilingDebugging: Loading WinPixEventRuntime.dll for PIX profiling (from ../../../Engine/Binaries/ThirdParty/Windows/WinPixEventRuntime/x64).
LogWindows: Failed to load 'VtuneApi.dll' (GetLastError=126)
LogWindows: File 'VtuneApi.dll' does not exist
LogWindows: Failed to load 'VtuneApi32e.dll' (GetLastError=126)
LogWindows: File 'VtuneApi32e.dll' does not exist
LogConsoleResponse: Display: Failed to find resolution value strings in scalability ini. Falling back to default.
LogConsoleResponse: Display: Failed to find resolution value strings in scalability ini. Falling back to default.
LogInit: Display: Running engine for game: UE5_DefaultTemplate
LogPlatformFile: Not using cached read wrapper
LogStats: Stats thread started at 0.547463
LogD3D11RHI: Loaded GFSDK_Aftermath_Lib.x64.dll
LogICUInternationalization: ICU TimeZone Detection - Raw Offset: -5:00, Platform Override: ''
LogPluginManager: Mounting plugin Bridge
LogPluginManager: Mounting plugin MeshPainting
LogPluginManager: Mounting plugin XGEController
LogPluginManager: Mounting plugin AISupport
LogPluginManager: Mounting plugin Paper2D
LogPluginManager: Mounting plugin EnvironmentQueryEditor
LogPluginManager: Mounting plugin CameraShakePreviewer
LogPluginManager: Mounting plugin GameplayCameras
LogPluginManager: Mounting plugin AnimationSharing
LogPluginManager: Mounting plugin CLionSourceCodeAccess
LogPluginManager: Mounting plugin CodeLiteSourceCodeAccess
LogPluginManager: Mounting plugin GitSourceControl
LogPluginManager: Mounting plugin KDevelopSourceCodeAccess
LogPluginManager: Mounting plugin PerforceSourceControl
LogPluginManager: Mounting plugin PlasticSourceControl
LogPluginManager: Mounting plugin PropertyAccessNode
LogPluginManager: Mounting plugin PluginUtils
LogPluginManager: Mounting plugin RiderSourceCodeAccess
LogPluginManager: Mounting plugin SubversionSourceControl
LogPluginManager: Mounting plugin UObjectPlugin
LogPluginManager: Mounting plugin VisualStudioCodeSourceCodeAccess
LogPluginManager: Mounting plugin VisualStudioSourceCodeAccess
LogPluginManager: Mounting plugin XCodeSourceCodeAccess
LogPluginManager: Mounting plugin AssetManagerEditor
LogPluginManager: Mounting plugin CryptoKeys
LogPluginManager: Mounting plugin CurveEditorTools
LogPluginManager: Mounting plugin DataValidation
LogPluginManager: Mounting plugin EditorDebugTools
LogPluginManager: Mounting plugin EditorScriptingUtilities
LogPluginManager: Mounting plugin NullSourceCodeAccess
LogPluginManager: Mounting plugin GameplayTagsEditor
LogPluginManager: Mounting plugin FacialAnimation
LogPluginManager: Mounting plugin GeometryMode
LogPluginManager: Mounting plugin InterchangeEditor
LogPluginManager: Mounting plugin MacGraphicsSwitching
LogPluginManager: Mounting plugin MaterialAnalyzer
LogPluginManager: Mounting plugin MobileLauncherProfileWizard
LogPluginManager: Mounting plugin PluginBrowser
LogPluginManager: Mounting plugin SpeedTreeImporter
LogPluginManager: Mounting plugin DatasmithContent
LogPluginManager: Mounting plugin VariantManagerContent
LogPluginManager: Mounting plugin StylusInput
LogPluginManager: Mounting plugin AlembicImporter
LogPluginManager: Mounting plugin AutomationUtils
LogPluginManager: Mounting plugin BackChannel
LogPluginManager: Mounting plugin ChaosCloth
LogPluginManager: Mounting plugin ChaosClothEditor
LogPluginManager: Mounting plugin ChaosEditor
LogPluginManager: Mounting plugin ChaosNiagara
LogPluginManager: Mounting plugin ChaosSolverPlugin
LogPluginManager: Mounting plugin CharacterAI
LogPluginManager: Mounting plugin GeometryCache
LogPluginManager: Mounting plugin GeometryCollectionPlugin
LogPluginManager: Mounting plugin GeometryFlow
LogPluginManager: Mounting plugin GeometryProcessing
LogPluginManager: Mounting plugin MeshLODToolset
LogPluginManager: Mounting plugin MeshModelingToolset
LogPluginManager: Mounting plugin ModelingToolsEditorMode
LogPluginManager: Mounting plugin MotoSynth
LogPluginManager: Mounting plugin PlanarCut
LogPluginManager: Mounting plugin PlatformCrypto
LogPluginManager: Mounting plugin ProxyLODPlugin
LogPluginManager: Mounting plugin SkeletalReduction
LogPluginManager: Mounting plugin Niagara
LogPluginManager: Mounting plugin LuminPlatformFeatures
LogPluginManager: Mounting plugin MagicLeap
LogPluginManager: Mounting plugin MagicLeapLightEstimation
LogPluginManager: Mounting plugin MagicLeapMedia
LogPluginManager: Mounting plugin MagicLeapPassableWorld
LogPluginManager: Mounting plugin MLSDK
LogPluginManager: Mounting plugin AndroidMedia
LogPluginManager: Mounting plugin TcpMessaging
LogPluginManager: Mounting plugin UdpMessaging
LogPluginManager: Mounting plugin AvfMedia
LogPluginManager: Mounting plugin ImgMedia
LogPluginManager: Mounting plugin MediaCompositing
LogPluginManager: Mounting plugin WebMMedia
LogPluginManager: Mounting plugin WmfMedia
LogPluginManager: Mounting plugin ActorSequence
LogPluginManager: Mounting plugin LevelSequenceEditor
LogPluginManager: Mounting plugin MatineeToLevelSequence
LogPluginManager: Mounting plugin TemplateSequence
LogPluginManager: Mounting plugin OnlineSubsystem
LogPluginManager: Mounting plugin OnlineSubsystemNull
LogPluginManager: Mounting plugin OnlineSubsystemUtils
LogPluginManager: Mounting plugin LauncherChunkInstaller
LogPluginManager: Mounting plugin ActorLayerUtilities
LogPluginManager: Mounting plugin AndroidDeviceProfileSelector
LogPluginManager: Mounting plugin AndroidMoviePlayer
LogPluginManager: Mounting plugin AndroidPermission
LogPluginManager: Mounting plugin AppleImageUtils
LogPluginManager: Mounting plugin AppleMoviePlayer
LogPluginManager: Mounting plugin ArchVisCharacter
LogPluginManager: Mounting plugin AssetTags
LogPluginManager: Mounting plugin AudioCapture
LogPluginManager: Mounting plugin AudioSynesthesia
LogPluginManager: Mounting plugin CableComponent
LogPluginManager: Mounting plugin ChunkDownloader
LogPluginManager: Mounting plugin CustomMeshComponent
LogPluginManager: Mounting plugin MediaPlayerEditor
LogPluginManager: Mounting plugin ExampleDeviceProfileSelector
LogPluginManager: Mounting plugin GoogleCloudMessaging
LogPluginManager: Mounting plugin GooglePAD
LogPluginManager: Mounting plugin HairStrands
LogPluginManager: Mounting plugin Interchange
LogPluginManager: Mounting plugin IOSDeviceProfileSelector
LogPluginManager: Mounting plugin LinuxDeviceProfileSelector
LogPluginManager: Mounting plugin LocationServicesBPLibrary
LogPluginManager: Mounting plugin MobilePatchingUtils
LogPluginManager: Mounting plugin ScreenshotTools
LogPluginManager: Mounting plugin ProceduralMeshComponent
LogPluginManager: Mounting plugin PropertyAccessEditor
LogPluginManager: Mounting plugin SignificanceManager
LogPluginManager: Mounting plugin RuntimePhysXCooking
LogPluginManager: Mounting plugin SoundFields
LogPluginManager: Mounting plugin Synthesis
LogPluginManager: Mounting plugin WebMMoviePlayer
LogConfig: Display: Loading platform ini files took 0.13 seconds
LogPluginManager: Mounting plugin WindowsMoviePlayer
LogPluginManager: Mounting plugin ContentBrowserAssetDataSource
LogPluginManager: Mounting plugin ContentBrowserClassDataSource
LogPluginManager: Mounting plugin OnlineSubsystemGooglePlay
LogPluginManager: Mounting plugin OnlineSubsystemIOS
LogPluginManager: Mounting plugin OculusVR
LogPluginManager: Mounting plugin SteamVR
LogInit: Using libcurl 7.55.1-DEV
LogInit:  - built for x86_64-pc-win32
LogInit:  - supports SSL with OpenSSL/1.1.1
LogInit:  - supports HTTP deflate (compression) using libz 1.2.8
LogInit:  - other features:
LogInit:      CURL_VERSION_SSL
LogInit:      CURL_VERSION_LIBZ
LogInit:      CURL_VERSION_IPV6
LogInit:      CURL_VERSION_ASYNCHDNS
LogInit:      CURL_VERSION_LARGEFILE
LogInit:      CURL_VERSION_IDN
LogInit:  CurlRequestOptions (configurable via config and command line):
LogInit:  - bVerifyPeer = true  - Libcurl will verify peer certificate
LogInit:  - bUseHttpProxy = false  - Libcurl will NOT use HTTP proxy
LogInit:  - bDontReuseConnections = false  - Libcurl will reuse connections
LogInit:  - MaxHostConnections = 16  - Libcurl will limit the number of connections to a host
LogInit:  - LocalHostAddr = Default
LogInit:  - BufferSize = 65536
LogOnline: OSS: Creating online subsystem instance for: NULL
LogInit: WinSock: version 1.1 (2.2), MaxSocks=32767, MaxUdp=65467
LogOnline: OSS: TryLoadSubsystemAndSetDefault: Loaded subsystem for module [NULL]
LogInit: Build: ++UE5+Release-5.0-EarlyAccess-CL-16433597
LogInit: Engine Version: 5.0.0-16433597+++UE5+Release-5.0-EarlyAccess
LogInit: Compatible Engine Version: 5.0.0-16433597+++UE5+Release-5.0-EarlyAccess
LogInit: Net CL: 16433597
LogInit: OS: Windows 10 (Release 2009) (), CPU: Intel(R) Core(TM) i5-8600K CPU @ 3.60GHz, GPU: NVIDIA GeForce GTX 1070
LogInit: Compiled (64-bit): May 24 2021 14:08:01
LogInit: Compiled with Visual C++: 19.24.28315.00
LogInit: Build Configuration: Development
LogInit: Branch Name: ++UE5+Release-5.0-EarlyAccess
LogInit: Command Line: 
LogInit: Base Directory: F:/F - Programs/UE_5.0EA/Engine/Binaries/Win64/
LogInit: Allocator: Mimalloc
LogInit: Installed Engine Build: 1
LogDevObjectVersion: Number of dev versions registered: 32
LogDevObjectVersion:   Dev-Blueprints (B0D832E4-1F89-4F0D-ACCF-7EB736FD4AA2): 10
LogDevObjectVersion:   Dev-Build (E1C64328-A22C-4D53-A36C-8E866417BD8C): 0
LogDevObjectVersion:   Dev-Core (375EC13C-06E4-48FB-B500-84F0262A717E): 4
LogDevObjectVersion:   Dev-Editor (E4B068ED-F494-42E9-A231-DA0B2E46BB41): 40
LogDevObjectVersion:   Dev-Framework (CFFC743F-43B0-4480-9391-14DF171D2073): 37
LogDevObjectVersion:   Dev-Mobile (B02B49B5-BB20-44E9-A304-32B752E40360): 3
LogDevObjectVersion:   Dev-Networking (A4E4105C-59A1-49B5-A7C5-40C4547EDFEE): 0
LogDevObjectVersion:   Dev-Online (39C831C9-5AE6-47DC-9A44-9C173E1C8E7C): 0
LogDevObjectVersion:   Dev-Physics (78F01B33-EBEA-4F98-B9B4-84EACCB95AA2): 7
LogDevObjectVersion:   Dev-Platform (6631380F-2D4D-43E0-8009-CF276956A95A): 0
LogDevObjectVersion:   Dev-Rendering (12F88B9F-8875-4AFC-A67C-D90C383ABD29): 45
LogDevObjectVersion:   Dev-Sequencer (7B5AE74C-D270-4C10-A958-57980B212A5A): 13
LogDevObjectVersion:   Dev-VR (D7296918-1DD6-4BDD-9DE2-64A83CC13884): 3
LogDevObjectVersion:   Dev-LoadTimes (C2A15278-BFE7-4AFE-6C17-90FF531DF755): 1
LogDevObjectVersion:   Private-Geometry (6EACA3D4-40EC-4CC1-B786-8BED09428FC5): 3
LogDevObjectVersion:   Dev-AnimPhys (29E575DD-E0A3-4627-9D10-D276232CDCEA): 17
LogDevObjectVersion:   Dev-Anim (AF43A65D-7FD3-4947-9873-3E8ED9C1BB05): 15
LogDevObjectVersion:   Dev-ReflectionCapture (6B266CEC-1EC7-4B8F-A30B-E4D90942FC07): 1
LogDevObjectVersion:   Dev-Automation (0DF73D61-A23F-47EA-B727-89E90C41499A): 1
LogDevObjectVersion:   FortniteMain (601D1886-AC64-4F84-AA16-D3DE0DEAC7D6): 44
LogDevObjectVersion:   FortniteRelease (E7086368-6B23-4C58-8439-1B7016265E91): 1
LogDevObjectVersion:   Dev-Enterprise (9DFFBCD6-494F-0158-E221-12823C92A888): 10
LogDevObjectVersion:   Dev-Niagara (F2AED0AC-9AFE-416F-8664-AA7FFA26D6FC): 1
LogDevObjectVersion:   Dev-Destruction (174F1F0B-B4C6-45A5-B13F-2EE8D0FB917D): 10
LogDevObjectVersion:   Dev-Physics-Ext (35F94A83-E258-406C-A318-09F59610247C): 41
LogDevObjectVersion:   Dev-PhysicsMaterial-Chaos (B68FC16E-8B1B-42E2-B453-215C058844FE): 1
LogDevObjectVersion:   Dev-CineCamera (B2E18506-4273-CFC2-A54E-F4BB758BBA07): 1
LogDevObjectVersion:   Dev-VirtualProduction (64F58936-FD1B-42BA-BA96-7289D5D0FA4E): 1
LogDevObjectVersion:   UE5-Main (697DD581-E64F-41AB-AA4A-51ECBEB7B628): 26
LogDevObjectVersion:   UE5-Release (D89B5E42-24BD-4D46-8412-ACA8DF641779): 10
LogDevObjectVersion:   UE5-Dev-Cooker (26075A32-730F-4708-88E9-8C32F1599D05): 0
LogDevObjectVersion:   Dev-MediaFramework (6F0ED827-A609-4895-9C91-998D90180EA4): 2
LogInit: Presizing for max 25165824 objects, including 0 objects not considered by GC, pre-allocating 0 bytes for permanent pool.
LogConfig: Applying CVar settings from Section [/Script/Engine.StreamingSettings] File [Engine]
LogConfig: Setting CVar [[s.MinBulkDataSizeForAsyncLoading:131072]]
LogConfig: Setting CVar [[s.AsyncLoadingThreadEnabled:1]]
LogConfig: Setting CVar [[s.EventDrivenLoaderEnabled:1]]
LogConfig: Setting CVar [[s.WarnIfTimeLimitExceeded:0]]
LogConfig: Setting CVar [[s.TimeLimitExceededMultiplier:1.5]]
LogConfig: Setting CVar [[s.TimeLimitExceededMinTime:0.005]]
LogConfig: Setting CVar [[s.UseBackgroundLevelStreaming:1]]
LogConfig: Setting CVar [[s.PriorityAsyncLoadingExtraTime:15.0]]
LogConfig: Setting CVar [[s.LevelStreamingActorsUpdateTimeLimit:5.0]]
LogConfig: Setting CVar [[s.PriorityLevelStreamingActorsUpdateExtraTime:5.0]]
LogConfig: Setting CVar [[s.LevelStreamingComponentsRegistrationGranularity:10]]
LogConfig: Setting CVar [[s.UnregisterComponentsTimeLimit:1.0]]
LogConfig: Setting CVar [[s.LevelStreamingComponentsUnregistrationGranularity:5]]
LogConfig: Setting CVar [[s.FlushStreamingOnExit:1]]
LogInit: Object subsystem initialized
LogConfig: Setting CVar [[con.DebugEarlyDefault:1]]
LogConfig: Setting CVar [[r.setres:1280x720]]
LogConfig: Setting CVar [[fx.NiagaraAllowRuntimeScalabilityChanges:1]]
[2022.01.23-09.19.20:360][  0]LogConfig: Setting CVar [[r.VSync:0]]
[2022.01.23-09.19.20:360][  0]LogConfig: Setting CVar [[r.RHICmdBypass:0]]
[2022.01.23-09.19.20:360][  0]LogConfig: Applying CVar settings from Section [/Script/Engine.RendererSettings] File [Engine]
[2022.01.23-09.19.20:360][  0]LogConfig: Setting CVar [[r.GPUCrashDebugging:0]]
[2022.01.23-09.19.20:360][  0]LogConfig: Setting CVar [[r.GenerateMeshDistanceFields:1]]
[2022.01.23-09.19.20:360][  0]LogConfig: Setting CVar [[r.DynamicGlobalIlluminationMethod:1]]
[2022.01.23-09.19.20:360][  0]LogConfig: Setting CVar [[r.ReflectionMethod:1]]
[2022.01.23-09.19.20:360][  0]LogConfig: Setting CVar [[r.Shadow.Virtual.Enable:1]]
[2022.01.23-09.19.20:360][  0]LogConfig: Applying CVar settings from Section [/Script/Engine.RendererOverrideSettings] File [Engine]
[2022.01.23-09.19.20:360][  0]LogConfig: Applying CVar settings from Section [/Script/Engine.StreamingSettings] File [Engine]
[2022.01.23-09.19.20:360][  0]LogConfig: Setting CVar [[s.MinBulkDataSizeForAsyncLoading:131072]]
[2022.01.23-09.19.20:360][  0]LogConfig: Setting CVar [[s.AsyncLoadingThreadEnabled:1]]
[2022.01.23-09.19.20:360][  0]LogConfig: Setting CVar [[s.EventDrivenLoaderEnabled:1]]
[2022.01.23-09.19.20:360][  0]LogConfig: Setting CVar [[s.WarnIfTimeLimitExceeded:0]]
[2022.01.23-09.19.20:360][  0]LogConfig: Setting CVar [[s.TimeLimitExceededMultiplier:1.5]]
[2022.01.23-09.19.20:360][  0]LogConfig: Setting CVar [[s.TimeLimitExceededMinTime:0.005]]
[2022.01.23-09.19.20:360][  0]LogConfig: Setting CVar [[s.UseBackgroundLevelStreaming:1]]
[2022.01.23-09.19.20:360][  0]LogConfig: Setting CVar [[s.PriorityAsyncLoadingExtraTime:15.0]]
[2022.01.23-09.19.20:360][  0]LogConfig: Setting CVar [[s.LevelStreamingActorsUpdateTimeLimit:5.0]]
[2022.01.23-09.19.20:360][  0]LogConfig: Setting CVar [[s.PriorityLevelStreamingActorsUpdateExtraTime:5.0]]
[2022.01.23-09.19.20:360][  0]LogConfig: Setting CVar [[s.LevelStreamingComponentsRegistrationGranularity:10]]
[2022.01.23-09.19.20:360][  0]LogConfig: Setting CVar [[s.UnregisterComponentsTimeLimit:1.0]]
[2022.01.23-09.19.20:360][  0]LogConfig: Setting CVar [[s.LevelStreamingComponentsUnregistrationGranularity:5]]
[2022.01.23-09.19.20:360][  0]LogConfig: Setting CVar [[s.FlushStreamingOnExit:1]]
[2022.01.23-09.19.20:360][  0]LogConfig: Applying CVar settings from Section [/Script/Engine.GarbageCollectionSettings] File [Engine]
[2022.01.23-09.19.20:360][  0]LogConfig: Setting CVar [[gc.MaxObjectsNotConsideredByGC:1]]
[2022.01.23-09.19.20:360][  0]LogConfig: Setting CVar [[gc.SizeOfPermanentObjectPool:0]]
[2022.01.23-09.19.20:360][  0]LogConfig: Setting CVar [[gc.FlushStreamingOnGC:0]]
[2022.01.23-09.19.20:360][  0]LogConfig: Setting CVar [[gc.NumRetriesBeforeForcingGC:10]]
[2022.01.23-09.19.20:360][  0]LogConfig: Setting CVar [[gc.AllowParallelGC:1]]
[2022.01.23-09.19.20:360][  0]LogConfig: Setting CVar [[gc.TimeBetweenPurgingPendingKillObjects:61.1]]
[2022.01.23-09.19.20:360][  0]LogConfig: Setting CVar [[gc.MaxObjectsInEditor:25165824]]
[2022.01.23-09.19.20:360][  0]LogConfig: Setting CVar [[gc.IncrementalBeginDestroyEnabled:1]]
[2022.01.23-09.19.20:360][  0]LogConfig: Setting CVar [[gc.CreateGCClusters:1]]
[2022.01.23-09.19.20:360][  0]LogConfig: Setting CVar [[gc.MinGCClusterSize:5]]
[2022.01.23-09.19.20:360][  0]LogConfig: Setting CVar [[gc.ActorClusteringEnabled:0]]
[2022.01.23-09.19.20:360][  0]LogConfig: Setting CVar [[gc.BlueprintClusteringEnabled:0]]
[2022.01.23-09.19.20:360][  0]LogConfig: Setting CVar [[gc.UseDisregardForGCOnDedicatedServers:0]]
[2022.01.23-09.19.20:360][  0]LogConfig: Setting CVar [[gc.MultithreadedDestructionEnabled:1]]
[2022.01.23-09.19.20:360][  0]LogConfig: Applying CVar settings from Section [/Script/Engine.NetworkSettings] File [Engine]
[2022.01.23-09.19.20:360][  0]LogConfig: Applying CVar settings from Section [/Script/UnrealEd.CookerSettings] File [Engine]
[2022.01.23-09.19.20:366][  0]LogConfig: Applying CVar settings from Section [ViewDistanceQuality@3] File [Scalability]
[2022.01.23-09.19.20:366][  0]LogConfig: Setting CVar [[r.SkeletalMeshLODBias:0]]
[2022.01.23-09.19.20:366][  0]LogConfig: Setting CVar [[r.ViewDistanceScale:1.0]]
[2022.01.23-09.19.20:366][  0]LogConfig: Applying CVar settings from Section [AntiAliasingQuality@3] File [Scalability]
[2022.01.23-09.19.20:366][  0]LogConfig: Setting CVar [[r.PostProcessAAQuality:4]]
[2022.01.23-09.19.20:366][  0]LogConfig: Applying CVar settings from Section [ShadowQuality@3] File [Scalability]
[2022.01.23-09.19.20:366][  0]LogConfig: Setting CVar [[r.LightFunctionQuality:1]]
[2022.01.23-09.19.20:366][  0]LogConfig: Setting CVar [[r.ShadowQuality:5]]
[2022.01.23-09.19.20:366][  0]LogConfig: Setting CVar [[r.Shadow.CSM.MaxCascades:10]]
[2022.01.23-09.19.20:366][  0]LogConfig: Setting CVar [[r.Shadow.MaxResolution:2048]]
[2022.01.23-09.19.20:366][  0]LogConfig: Setting CVar [[r.Shadow.MaxCSMResolution:2048]]
[2022.01.23-09.19.20:366][  0]LogConfig: Setting CVar [[r.Shadow.RadiusThreshold:0.01]]
[2022.01.23-09.19.20:366][  0]LogConfig: Setting CVar [[r.Shadow.DistanceScale:1.0]]
[2022.01.23-09.19.20:366][  0]LogConfig: Setting CVar [[r.Shadow.CSM.TransitionScale:1.0]]
[2022.01.23-09.19.20:366][  0]LogConfig: Setting CVar [[r.Shadow.PreShadowResolutionFactor:1.0]]
[2022.01.23-09.19.20:366][  0]LogConfig: Setting CVar [[r.DistanceFieldShadowing:1]]
[2022.01.23-09.19.20:366][  0]LogConfig: Setting CVar [[r.DistanceFieldAO:1]]
[2022.01.23-09.19.20:366][  0]LogConfig: Setting CVar [[r.AOQuality:2]]
[2022.01.23-09.19.20:366][  0]LogConfig: Setting CVar [[r.VolumetricFog:1]]
[2022.01.23-09.19.20:366][  0]LogConfig: Setting CVar [[r.VolumetricFog.GridPixelSize:8]]
[2022.01.23-09.19.20:366][  0]LogConfig: Setting CVar [[r.VolumetricFog.GridSizeZ:128]]
[2022.01.23-09.19.20:366][  0]LogConfig: Setting CVar [[r.VolumetricFog.HistoryMissSupersampleCount:4]]
[2022.01.23-09.19.20:366][  0]LogConfig: Setting CVar [[r.LightMaxDrawDistanceScale:1]]
[2022.01.23-09.19.20:366][  0]LogConfig: Setting CVar [[r.CapsuleShadows:1]]
[2022.01.23-09.19.20:366][  0]LogConfig: Applying CVar settings from Section [PostProcessQuality@3] File [Scalability]
[2022.01.23-09.19.20:366][  0]LogConfig: Setting CVar [[r.MotionBlurQuality:4]]
[2022.01.23-09.19.20:366][  0]LogConfig: Setting CVar [[r.AmbientOcclusionMipLevelFactor:0.4]]
[2022.01.23-09.19.20:366][  0]LogConfig: Setting CVar [[r.AmbientOcclusionMaxQuality:100]]
[2022.01.23-09.19.20:366][  0]LogConfig: Setting CVar [[r.AmbientOcclusionLevels:-1]]
[2022.01.23-09.19.20:366][  0]LogConfig: Setting CVar [[r.AmbientOcclusionRadiusScale:1.0]]
[2022.01.23-09.19.20:366][  0]LogConfig: Setting CVar [[r.DepthOfFieldQuality:2]]
[2022.01.23-09.19.20:366][  0]LogConfig: Setting CVar [[r.RenderTargetPoolMin:400]]
[2022.01.23-09.19.20:366][  0]LogConfig: Setting CVar [[r.LensFlareQuality:2]]
[2022.01.23-09.19.20:366][  0]LogConfig: Setting CVar [[r.SceneColorFringeQuality:1]]
[2022.01.23-09.19.20:366][  0]LogConfig: Setting CVar [[r.EyeAdaptationQuality:2]]
[2022.01.23-09.19.20:366][  0]LogConfig: Setting CVar [[r.BloomQuality:5]]
[2022.01.23-09.19.20:366][  0]LogConfig: Setting CVar [[r.FastBlurThreshold:100]]
[2022.01.23-09.19.20:366][  0]LogConfig: Setting CVar [[r.Upscale.Quality:3]]
[2022.01.23-09.19.20:366][  0]LogConfig: Setting CVar [[r.Tonemapper.GrainQuantization:1]]
[2022.01.23-09.19.20:366][  0]LogConfig: Setting CVar [[r.LightShaftQuality:1]]
[2022.01.23-09.19.20:366][  0]LogConfig: Setting CVar [[r.Filter.SizeScale:1]]
[2022.01.23-09.19.20:366][  0]LogConfig: Setting CVar [[r.Tonemapper.Quality:5]]
[2022.01.23-09.19.20:366][  0]LogConfig: Setting CVar [[r.DOF.Gather.AccumulatorQuality:1        ; higher gathering accumulator quality]]
[2022.01.23-09.19.20:366][  0]LogConfig: Setting CVar [[r.DOF.Gather.PostfilterMethod:1          ; Median3x3 postfilering method]]
[2022.01.23-09.19.20:366][  0]LogConfig: Setting CVar [[r.DOF.Gather.EnableBokehSettings:0       ; no bokeh simulation when gathering]]
[2022.01.23-09.19.20:366][  0]LogConfig: Setting CVar [[r.DOF.Gather.RingCount:4                 ; medium number of samples when gathering]]
[2022.01.23-09.19.20:366][  0]LogConfig: Setting CVar [[r.DOF.Scatter.ForegroundCompositing:1    ; additive foreground scattering]]
[2022.01.23-09.19.20:366][  0]LogConfig: Setting CVar [[r.DOF.Scatter.BackgroundCompositing:2    ; additive background scattering]]
[2022.01.23-09.19.20:366][  0]LogConfig: Setting CVar [[r.DOF.Scatter.EnableBokehSettings:1      ; bokeh simulation when scattering]]
[2022.01.23-09.19.20:366][  0]LogConfig: Setting CVar [[r.DOF.Scatter.MaxSpriteRatio:0.1         ; only a maximum of 10% of scattered bokeh]]
[2022.01.23-09.19.20:366][  0]LogConfig: Setting CVar [[r.DOF.Recombine.Quality:1                ; cheap slight out of focus]]
[2022.01.23-09.19.20:366][  0]LogConfig: Setting CVar [[r.DOF.Recombine.EnableBokehSettings:0    ; no bokeh simulation on slight out of focus]]
[2022.01.23-09.19.20:366][  0]LogConfig: Setting CVar [[r.DOF.TemporalAAQuality:1                ; more stable temporal accumulation]]
[2022.01.23-09.19.20:366][  0]LogConfig: Setting CVar [[r.DOF.Kernel.MaxForegroundRadius:0.025]]
[2022.01.23-09.19.20:366][  0]LogConfig: Setting CVar [[r.DOF.Kernel.MaxBackgroundRadius:0.025]]
[2022.01.23-09.19.20:366][  0]LogConfig: Applying CVar settings from Section [TextureQuality@3] File [Scalability]
[2022.01.23-09.19.20:366][  0]LogConfig: Setting CVar [[r.Streaming.MipBias:0]]
[2022.01.23-09.19.20:366][  0]LogConfig: Setting CVar [[r.Streaming.AmortizeCPUToGPUCopy:0]]
[2022.01.23-09.19.20:366][  0]LogConfig: Setting CVar [[r.Streaming.MaxNumTexturesToStreamPerFrame:0]]
[2022.01.23-09.19.20:366][  0]LogConfig: Setting CVar [[r.Streaming.Boost:1]]
[2022.01.23-09.19.20:366][  0]LogConfig: Setting CVar [[r.MaxAnisotropy:8]]
[2022.01.23-09.19.20:366][  0]LogConfig: Setting CVar [[r.VT.MaxAnisotropy:8]]
[2022.01.23-09.19.20:367][  0]LogConfig: Setting CVar [[r.Streaming.LimitPoolSizeToVRAM:0]]
[2022.01.23-09.19.20:367][  0]LogConfig: Setting CVar [[r.Streaming.PoolSize:1000]]
[2022.01.23-09.19.20:367][  0]LogConfig: Setting CVar [[r.Streaming.MaxEffectiveScreenSize:0]]
[2022.01.23-09.19.20:367][  0]LogConfig: Applying CVar settings from Section [EffectsQuality@3] File [Scalability]
[2022.01.23-09.19.20:367][  0]LogConfig: Setting CVar [[r.TranslucencyLightingVolumeDim:64]]
[2022.01.23-09.19.20:367][  0]LogConfig: Setting CVar [[r.RefractionQuality:2]]
[2022.01.23-09.19.20:367][  0]LogConfig: Setting CVar [[r.SSR.Quality:3]]
[2022.01.23-09.19.20:367][  0]LogConfig: Setting CVar [[r.SSR.HalfResSceneColor:0]]
[2022.01.23-09.19.20:367][  0]LogConfig: Setting CVar [[r.SceneColorFormat:4]]
[2022.01.23-09.19.20:367][  0]LogConfig: Setting CVar [[r.DetailMode:2]]
[2022.01.23-09.19.20:367][  0]LogConfig: Setting CVar [[r.TranslucencyVolumeBlur:1]]
[2022.01.23-09.19.20:367][  0]LogConfig: Setting CVar [[r.MaterialQualityLevel:1 ; High quality]]
[2022.01.23-09.19.20:367][  0]LogConfig: Setting CVar [[r.AnisotropicMaterials:0]]
[2022.01.23-09.19.20:367][  0]LogConfig: Setting CVar [[r.SSS.Scale:1]]
[2022.01.23-09.19.20:367][  0]LogConfig: Setting CVar [[r.SSS.SampleSet:2]]
[2022.01.23-09.19.20:367][  0]LogConfig: Setting CVar [[r.SSS.Quality:1]]
[2022.01.23-09.19.20:367][  0]LogConfig: Setting CVar [[r.SSS.HalfRes:0]]
[2022.01.23-09.19.20:367][  0]LogConfig: Setting CVar [[r.SSGI.Quality:3]]
[2022.01.23-09.19.20:367][  0]LogConfig: Setting CVar [[r.EmitterSpawnRateScale:1.0]]
[2022.01.23-09.19.20:367][  0]LogConfig: Setting CVar [[r.ParticleLightQuality:2]]
[2022.01.23-09.19.20:367][  0]LogConfig: Setting CVar [[r.SkyAtmosphere.AerialPerspectiveLUT.FastApplyOnOpaque:1 ; Always have FastSkyLUT 1 in this case to avoid wrong sky]]
[2022.01.23-09.19.20:367][  0]LogConfig: Setting CVar [[r.SkyAtmosphere.AerialPerspectiveLUT.SampleCountMaxPerSlice:4]]
[2022.01.23-09.19.20:367][  0]LogConfig: Setting CVar [[r.SkyAtmosphere.AerialPerspectiveLUT.DepthResolution:16.0]]
[2022.01.23-09.19.20:367][  0]LogConfig: Setting CVar [[r.SkyAtmosphere.FastSkyLUT:1]]
[2022.01.23-09.19.20:367][  0]LogConfig: Setting CVar [[r.SkyAtmosphere.FastSkyLUT.SampleCountMin:4.0]]
[2022.01.23-09.19.20:367][  0]LogConfig: Setting CVar [[r.SkyAtmosphere.FastSkyLUT.SampleCountMax:128.0]]
[2022.01.23-09.19.20:367][  0]LogConfig: Setting CVar [[r.SkyAtmosphere.SampleCountMin:4.0]]
[2022.01.23-09.19.20:367][  0]LogConfig: Setting CVar [[r.SkyAtmosphere.SampleCountMax:128.0]]
[2022.01.23-09.19.20:367][  0]LogConfig: Setting CVar [[r.SkyAtmosphere.TransmittanceLUT.UseSmallFormat:0]]
[2022.01.23-09.19.20:367][  0]LogConfig: Setting CVar [[r.SkyAtmosphere.TransmittanceLUT.SampleCount:10.0]]
[2022.01.23-09.19.20:367][  0]LogConfig: Setting CVar [[r.SkyAtmosphere.MultiScatteringLUT.SampleCount:15.0]]
[2022.01.23-09.19.20:367][  0]LogConfig: Setting CVar [[fx.Niagara.QualityLevel:3]]
[2022.01.23-09.19.20:367][  0]LogConfig: Setting CVar [[r.Lumen.DiffuseIndirect.Allow:1]]
[2022.01.23-09.19.20:367][  0]LogConfig: Setting CVar [[r.Lumen.Reflections.Allow:1]]
[2022.01.23-09.19.20:367][  0]LogConfig: Setting CVar [[r.Lumen.TranslucencyVolume.GridPixelSize:32]]
[2022.01.23-09.19.20:367][  0]LogConfig: Setting CVar [[r.Lumen.Radiosity:1]]
[2022.01.23-09.19.20:367][  0]LogConfig: Setting CVar [[r.Lumen.TraceMeshSDFs.Allow:1]]
[2022.01.23-09.19.20:367][  0]LogConfig: Setting CVar [[r.Lumen.ScreenProbeGather.RadianceCache.ProbeResolution:32]]
[2022.01.23-09.19.20:367][  0]LogConfig: Setting CVar [[r.Lumen.ScreenProbeGather.ScreenSpaceBentNormal:1]]
[2022.01.23-09.19.20:367][  0]LogConfig: Setting CVar [[r.Lumen.ScreenProbeGather.DownsampleFactor:16]]
[2022.01.23-09.19.20:367][  0]LogConfig: Setting CVar [[r.Lumen.Reflections.DownsampleFactor:1]]
[2022.01.23-09.19.20:367][  0]LogConfig: Applying CVar settings from Section [FoliageQuality@3] File [Scalability]
[2022.01.23-09.19.20:367][  0]LogConfig: Setting CVar [[foliage.DensityScale:1.0]]
[2022.01.23-09.19.20:367][  0]LogConfig: Setting CVar [[grass.DensityScale:1.0]]
[2022.01.23-09.19.20:367][  0]LogConfig: Applying CVar settings from Section [ShadingQuality@3] File [Scalability]
[2022.01.23-09.19.20:367][  0]LogConfig: Setting CVar [[r.HairStrands.SkyLighting.IntegrationType:2]]
[2022.01.23-09.19.20:367][  0]LogConfig: Setting CVar [[r.HairStrands.SkyAO.SampleCount:4]]
[2022.01.23-09.19.20:367][  0]LogConfig: Setting CVar [[r.HairStrands.Visibility.MSAA.SamplePerPixel:4]]
[2022.01.23-09.19.20:367][  0]LogConfig: Setting CVar [[r.HairStrands.Interpolation.UseSingleGuide:0]]
[2022.01.23-09.19.20:367][  0]LogInit: Selected Device Profile: [WindowsEditor]
[2022.01.23-09.19.20:367][  0]LogDeviceProfileManager: Applying CVar settings loaded from the selected device profile: [WindowsEditor]
[2022.01.23-09.19.20:367][  0]LogHAL: Display: Platform has ~ 16 GB [17129148416 / 17179869184 / 16], which maps to Larger [LargestMinGB=32, LargerMinGB=12, DefaultMinGB=8, SmallerMinGB=6, SmallestMinGB=0)
[2022.01.23-09.19.20:367][  0]LogDeviceProfileManager: Going up to parent DeviceProfile [Windows]
[2022.01.23-09.19.20:367][  0]LogDeviceProfileManager: Going up to parent DeviceProfile []
[2022.01.23-09.19.20:367][  0]LogConfig: Applying CVar settings from Section [ViewDistanceQuality@3] File [Scalability]
[2022.01.23-09.19.20:367][  0]LogConfig: Setting CVar [[r.SkeletalMeshLODBias:0]]
[2022.01.23-09.19.20:367][  0]LogConfig: Setting CVar [[r.ViewDistanceScale:1.0]]
[2022.01.23-09.19.20:367][  0]LogConfig: Applying CVar settings from Section [AntiAliasingQuality@3] File [Scalability]
[2022.01.23-09.19.20:367][  0]LogConfig: Setting CVar [[r.PostProcessAAQuality:4]]
[2022.01.23-09.19.20:367][  0]LogConfig: Applying CVar settings from Section [ShadowQuality@3] File [Scalability]
[2022.01.23-09.19.20:367][  0]LogConfig: Setting CVar [[r.LightFunctionQuality:1]]
[2022.01.23-09.19.20:367][  0]LogConfig: Setting CVar [[r.ShadowQuality:5]]
[2022.01.23-09.19.20:367][  0]LogConfig: Setting CVar [[r.Shadow.CSM.MaxCascades:10]]
[2022.01.23-09.19.20:367][  0]LogConfig: Setting CVar [[r.Shadow.MaxResolution:2048]]
[2022.01.23-09.19.20:367][  0]LogConfig: Setting CVar [[r.Shadow.MaxCSMResolution:2048]]
[2022.01.23-09.19.20:367][  0]LogConfig: Setting CVar [[r.Shadow.RadiusThreshold:0.01]]
[2022.01.23-09.19.20:367][  0]LogConfig: Setting CVar [[r.Shadow.DistanceScale:1.0]]
[2022.01.23-09.19.20:367][  0]LogConfig: Setting CVar [[r.Shadow.CSM.TransitionScale:1.0]]
[2022.01.23-09.19.20:367][  0]LogConfig: Setting CVar [[r.Shadow.PreShadowResolutionFactor:1.0]]
[2022.01.23-09.19.20:367][  0]LogConfig: Setting CVar [[r.DistanceFieldShadowing:1]]
[2022.01.23-09.19.20:367][  0]LogConfig: Setting CVar [[r.DistanceFieldAO:1]]
[2022.01.23-09.19.20:367][  0]LogConfig: Setting CVar [[r.AOQuality:2]]
[2022.01.23-09.19.20:367][  0]LogConfig: Setting CVar [[r.VolumetricFog:1]]
[2022.01.23-09.19.20:367][  0]LogConfig: Setting CVar [[r.VolumetricFog.GridPixelSize:8]]
[2022.01.23-09.19.20:367][  0]LogConfig: Setting CVar [[r.VolumetricFog.GridSizeZ:128]]
[2022.01.23-09.19.20:368][  0]LogConfig: Setting CVar [[r.VolumetricFog.HistoryMissSupersampleCount:4]]
[2022.01.23-09.19.20:368][  0]LogConfig: Setting CVar [[r.LightMaxDrawDistanceScale:1]]
[2022.01.23-09.19.20:368][  0]LogConfig: Setting CVar [[r.CapsuleShadows:1]]
[2022.01.23-09.19.20:368][  0]LogConfig: Applying CVar settings from Section [PostProcessQuality@3] File [Scalability]
[2022.01.23-09.19.20:368][  0]LogConfig: Setting CVar [[r.MotionBlurQuality:4]]
[2022.01.23-09.19.20:368][  0]LogConfig: Setting CVar [[r.AmbientOcclusionMipLevelFactor:0.4]]
[2022.01.23-09.19.20:368][  0]LogConfig: Setting CVar [[r.AmbientOcclusionMaxQuality:100]]
[2022.01.23-09.19.20:368][  0]LogConfig: Setting CVar [[r.AmbientOcclusionLevels:-1]]
[2022.01.23-09.19.20:368][  0]LogConfig: Setting CVar [[r.AmbientOcclusionRadiusScale:1.0]]
[2022.01.23-09.19.20:368][  0]LogConfig: Setting CVar [[r.DepthOfFieldQuality:2]]
[2022.01.23-09.19.20:368][  0]LogConfig: Setting CVar [[r.RenderTargetPoolMin:400]]
[2022.01.23-09.19.20:368][  0]LogConfig: Setting CVar [[r.LensFlareQuality:2]]
[2022.01.23-09.19.20:368][  0]LogConfig: Setting CVar [[r.SceneColorFringeQuality:1]]
[2022.01.23-09.19.20:368][  0]LogConfig: Setting CVar [[r.EyeAdaptationQuality:2]]
[2022.01.23-09.19.20:368][  0]LogConfig: Setting CVar [[r.BloomQuality:5]]
[2022.01.23-09.19.20:368][  0]LogConfig: Setting CVar [[r.FastBlurThreshold:100]]
[2022.01.23-09.19.20:368][  0]LogConfig: Setting CVar [[r.Upscale.Quality:3]]
[2022.01.23-09.19.20:368][  0]LogConfig: Setting CVar [[r.Tonemapper.GrainQuantization:1]]
[2022.01.23-09.19.20:368][  0]LogConfig: Setting CVar [[r.LightShaftQuality:1]]
[2022.01.23-09.19.20:368][  0]LogConfig: Setting CVar [[r.Filter.SizeScale:1]]
[2022.01.23-09.19.20:368][  0]LogConfig: Setting CVar [[r.Tonemapper.Quality:5]]
[2022.01.23-09.19.20:368][  0]LogConfig: Setting CVar [[r.DOF.Gather.AccumulatorQuality:1        ; higher gathering accumulator quality]]
[2022.01.23-09.19.20:368][  0]LogConfig: Setting CVar [[r.DOF.Gather.PostfilterMethod:1          ; Median3x3 postfilering method]]
[2022.01.23-09.19.20:368][  0]LogConfig: Setting CVar [[r.DOF.Gather.EnableBokehSettings:0       ; no bokeh simulation when gathering]]
[2022.01.23-09.19.20:368][  0]LogConfig: Setting CVar [[r.DOF.Gather.RingCount:4                 ; medium number of samples when gathering]]
[2022.01.23-09.19.20:368][  0]LogConfig: Setting CVar [[r.DOF.Scatter.ForegroundCompositing:1    ; additive foreground scattering]]
[2022.01.23-09.19.20:368][  0]LogConfig: Setting CVar [[r.DOF.Scatter.BackgroundCompositing:2    ; additive background scattering]]
[2022.01.23-09.19.20:368][  0]LogConfig: Setting CVar [[r.DOF.Scatter.EnableBokehSettings:1      ; bokeh simulation when scattering]]
[2022.01.23-09.19.20:368][  0]LogConfig: Setting CVar [[r.DOF.Scatter.MaxSpriteRatio:0.1         ; only a maximum of 10% of scattered bokeh]]
[2022.01.23-09.19.20:368][  0]LogConfig: Setting CVar [[r.DOF.Recombine.Quality:1                ; cheap slight out of focus]]
[2022.01.23-09.19.20:368][  0]LogConfig: Setting CVar [[r.DOF.Recombine.EnableBokehSettings:0    ; no bokeh simulation on slight out of focus]]
[2022.01.23-09.19.20:368][  0]LogConfig: Setting CVar [[r.DOF.TemporalAAQuality:1                ; more stable temporal accumulation]]
[2022.01.23-09.19.20:368][  0]LogConfig: Setting CVar [[r.DOF.Kernel.MaxForegroundRadius:0.025]]
[2022.01.23-09.19.20:368][  0]LogConfig: Setting CVar [[r.DOF.Kernel.MaxBackgroundRadius:0.025]]
[2022.01.23-09.19.20:368][  0]LogConfig: Applying CVar settings from Section [TextureQuality@3] File [Scalability]
[2022.01.23-09.19.20:368][  0]LogConfig: Setting CVar [[r.Streaming.MipBias:0]]
[2022.01.23-09.19.20:368][  0]LogConfig: Setting CVar [[r.Streaming.AmortizeCPUToGPUCopy:0]]
[2022.01.23-09.19.20:368][  0]LogConfig: Setting CVar [[r.Streaming.MaxNumTexturesToStreamPerFrame:0]]
[2022.01.23-09.19.20:368][  0]LogConfig: Setting CVar [[r.Streaming.Boost:1]]
[2022.01.23-09.19.20:368][  0]LogConfig: Setting CVar [[r.MaxAnisotropy:8]]
[2022.01.23-09.19.20:368][  0]LogConfig: Setting CVar [[r.VT.MaxAnisotropy:8]]
[2022.01.23-09.19.20:368][  0]LogConfig: Setting CVar [[r.Streaming.LimitPoolSizeToVRAM:0]]
[2022.01.23-09.19.20:368][  0]LogConfig: Setting CVar [[r.Streaming.PoolSize:1000]]
[2022.01.23-09.19.20:368][  0]LogConfig: Setting CVar [[r.Streaming.MaxEffectiveScreenSize:0]]
[2022.01.23-09.19.20:368][  0]LogConfig: Applying CVar settings from Section [EffectsQuality@3] File [Scalability]
[2022.01.23-09.19.20:368][  0]LogConfig: Setting CVar [[r.TranslucencyLightingVolumeDim:64]]
[2022.01.23-09.19.20:368][  0]LogConfig: Setting CVar [[r.RefractionQuality:2]]
[2022.01.23-09.19.20:368][  0]LogConfig: Setting CVar [[r.SSR.Quality:3]]
[2022.01.23-09.19.20:368][  0]LogConfig: Setting CVar [[r.SSR.HalfResSceneColor:0]]
[2022.01.23-09.19.20:368][  0]LogConfig: Setting CVar [[r.SceneColorFormat:4]]
[2022.01.23-09.19.20:368][  0]LogConfig: Setting CVar [[r.DetailMode:2]]
[2022.01.23-09.19.20:368][  0]LogConfig: Setting CVar [[r.TranslucencyVolumeBlur:1]]
[2022.01.23-09.19.20:368][  0]LogConfig: Setting CVar [[r.MaterialQualityLevel:1 ; High quality]]
[2022.01.23-09.19.20:368][  0]LogConfig: Setting CVar [[r.AnisotropicMaterials:0]]
[2022.01.23-09.19.20:368][  0]LogConfig: Setting CVar [[r.SSS.Scale:1]]
[2022.01.23-09.19.20:368][  0]LogConfig: Setting CVar [[r.SSS.SampleSet:2]]
[2022.01.23-09.19.20:368][  0]LogConfig: Setting CVar [[r.SSS.Quality:1]]
[2022.01.23-09.19.20:368][  0]LogConfig: Setting CVar [[r.SSS.HalfRes:0]]
[2022.01.23-09.19.20:368][  0]LogConfig: Setting CVar [[r.SSGI.Quality:3]]
[2022.01.23-09.19.20:368][  0]LogConfig: Setting CVar [[r.EmitterSpawnRateScale:1.0]]
[2022.01.23-09.19.20:368][  0]LogConfig: Setting CVar [[r.ParticleLightQuality:2]]
[2022.01.23-09.19.20:368][  0]LogConfig: Setting CVar [[r.SkyAtmosphere.AerialPerspectiveLUT.FastApplyOnOpaque:1 ; Always have FastSkyLUT 1 in this case to avoid wrong sky]]
[2022.01.23-09.19.20:368][  0]LogConfig: Setting CVar [[r.SkyAtmosphere.AerialPerspectiveLUT.SampleCountMaxPerSlice:4]]
[2022.01.23-09.19.20:368][  0]LogConfig: Setting CVar [[r.SkyAtmosphere.AerialPerspectiveLUT.DepthResolution:16.0]]
[2022.01.23-09.19.20:368][  0]LogConfig: Setting CVar [[r.SkyAtmosphere.FastSkyLUT:1]]
[2022.01.23-09.19.20:368][  0]LogConfig: Setting CVar [[r.SkyAtmosphere.FastSkyLUT.SampleCountMin:4.0]]
[2022.01.23-09.19.20:368][  0]LogConfig: Setting CVar [[r.SkyAtmosphere.FastSkyLUT.SampleCountMax:128.0]]
[2022.01.23-09.19.20:368][  0]LogConfig: Setting CVar [[r.SkyAtmosphere.SampleCountMin:4.0]]
[2022.01.23-09.19.20:368][  0]LogConfig: Setting CVar [[r.SkyAtmosphere.SampleCountMax:128.0]]
[2022.01.23-09.19.20:368][  0]LogConfig: Setting CVar [[r.SkyAtmosphere.TransmittanceLUT.UseSmallFormat:0]]
[2022.01.23-09.19.20:368][  0]LogConfig: Setting CVar [[r.SkyAtmosphere.TransmittanceLUT.SampleCount:10.0]]
[2022.01.23-09.19.20:368][  0]LogConfig: Setting CVar [[r.SkyAtmosphere.MultiScatteringLUT.SampleCount:15.0]]
[2022.01.23-09.19.20:368][  0]LogConfig: Setting CVar [[fx.Niagara.QualityLevel:3]]
[2022.01.23-09.19.20:368][  0]LogConfig: Setting CVar [[r.Lumen.DiffuseIndirect.Allow:1]]
[2022.01.23-09.19.20:368][  0]LogConfig: Setting CVar [[r.Lumen.Reflections.Allow:1]]
[2022.01.23-09.19.20:368][  0]LogConfig: Setting CVar [[r.Lumen.TranslucencyVolume.GridPixelSize:32]]
[2022.01.23-09.19.20:368][  0]LogConfig: Setting CVar [[r.Lumen.Radiosity:1]]
[2022.01.23-09.19.20:368][  0]LogConfig: Setting CVar [[r.Lumen.TraceMeshSDFs.Allow:1]]
[2022.01.23-09.19.20:368][  0]LogConfig: Setting CVar [[r.Lumen.ScreenProbeGather.RadianceCache.ProbeResolution:32]]
[2022.01.23-09.19.20:369][  0]LogConfig: Setting CVar [[r.Lumen.ScreenProbeGather.ScreenSpaceBentNormal:1]]
[2022.01.23-09.19.20:369][  0]LogConfig: Setting CVar [[r.Lumen.ScreenProbeGather.DownsampleFactor:16]]
[2022.01.23-09.19.20:369][  0]LogConfig: Setting CVar [[r.Lumen.Reflections.DownsampleFactor:1]]
[2022.01.23-09.19.20:369][  0]LogConfig: Applying CVar settings from Section [FoliageQuality@3] File [Scalability]
[2022.01.23-09.19.20:369][  0]LogConfig: Setting CVar [[foliage.DensityScale:1.0]]
[2022.01.23-09.19.20:369][  0]LogConfig: Setting CVar [[grass.DensityScale:1.0]]
[2022.01.23-09.19.20:369][  0]LogConfig: Applying CVar settings from Section [ShadingQuality@3] File [Scalability]
[2022.01.23-09.19.20:369][  0]LogConfig: Setting CVar [[r.HairStrands.SkyLighting.IntegrationType:2]]
[2022.01.23-09.19.20:369][  0]LogConfig: Setting CVar [[r.HairStrands.SkyAO.SampleCount:4]]
[2022.01.23-09.19.20:369][  0]LogConfig: Setting CVar [[r.HairStrands.Visibility.MSAA.SamplePerPixel:4]]
[2022.01.23-09.19.20:369][  0]LogConfig: Setting CVar [[r.HairStrands.Interpolation.UseSingleGuide:0]]
[2022.01.23-09.19.20:369][  0]LogConfig: Applying CVar settings from Section [Startup] File [../../../Engine/Config/ConsoleVariables.ini]
[2022.01.23-09.19.20:369][  0]LogConfig: Setting CVar [[net.UseAdaptiveNetUpdateFrequency:0]]
[2022.01.23-09.19.20:369][  0]LogConfig: Setting CVar [[p.chaos.AllowCreatePhysxBodies:1]]
[2022.01.23-09.19.20:369][  0]LogConfig: Setting CVar [[fx.SkipVectorVMBackendOptimizations:1]]
[2022.01.23-09.19.20:369][  0]LogConfig: Applying CVar settings from Section [ConsoleVariables] File [Engine]
[2022.01.23-09.19.20:369][  0]LogInit: Computer: DESKTOP-KLRBEKA
[2022.01.23-09.19.20:369][  0]LogInit: User: datsh
[2022.01.23-09.19.20:369][  0]LogInit: CPU Page size=4096, Cores=6
[2022.01.23-09.19.20:369][  0]LogInit: High frequency timer resolution =10.000000 MHz
[2022.01.23-09.19.20:369][  0]LogMemory: Memory total: Physical=16.0GB (16GB approx)
[2022.01.23-09.19.20:369][  0]LogMemory: Platform Memory Stats for WindowsEditor
[2022.01.23-09.19.20:369][  0]LogMemory: Process Physical Memory: 166.75 MB used, 166.75 MB peak
[2022.01.23-09.19.20:369][  0]LogMemory: Process Virtual Memory: 145.08 MB used, 145.08 MB peak
[2022.01.23-09.19.20:369][  0]LogMemory: Physical Memory: 8118.28 MB used,  8217.35 MB free, 16335.63 MB total
[2022.01.23-09.19.20:369][  0]LogMemory: Virtual Memory: 13193.20 MB used,  8226.22 MB free, 21419.41 MB total
[2022.01.23-09.19.20:372][  0]LogWindows: WindowsPlatformFeatures enabled
[2022.01.23-09.19.20:376][  0]LogInit: Physics initialised using underlying interface: Chaos
[2022.01.23-09.19.20:376][  0]LogInit: Using OS detected language (en-US).
[2022.01.23-09.19.20:376][  0]LogInit: Using OS detected locale (en-US).
[2022.01.23-09.19.20:377][  0]LogTextLocalizationManager: No specific localization for 'en-US' exists, so the 'en' localization will be used.
[2022.01.23-09.19.20:522][  0]LogInit: Setting process to per monitor DPI aware
[2022.01.23-09.19.20:536][  0]LogWindowsTextInputMethodSystem: Display: IME system deactivated.
[2022.01.23-09.19.20:551][  0]LogSlate: New Slate User Created.  User Index 0, Is Virtual User: 0
[2022.01.23-09.19.20:551][  0]LogSlate: Slate User Registered.  User Index 0, Is Virtual User: 0
[2022.01.23-09.19.20:920][  0]LogHMD: Failed to initialize OpenVR with code 126
[2022.01.23-09.19.20:920][  0]LogD3D11RHI: D3D11 min allowed feature level: 11_0
[2022.01.23-09.19.20:920][  0]LogD3D11RHI: D3D11 max allowed feature level: 11_1
[2022.01.23-09.19.20:920][  0]LogD3D11RHI: D3D11 adapters:
[2022.01.23-09.19.21:015][  0]LogD3D11RHI:    0. 'NVIDIA GeForce GTX 1070' (Feature Level 11_1)
[2022.01.23-09.19.21:015][  0]LogD3D11RHI:       8088/0/8167 MB DedicatedVideo/DedicatedSystem/SharedSystem, Outputs:1, VendorId:0x10de
[2022.01.23-09.19.21:017][  0]LogD3D11RHI:    1. 'Microsoft Basic Render Driver' (Feature Level 11_1)
[2022.01.23-09.19.21:017][  0]LogD3D11RHI:       0/0/8167 MB DedicatedVideo/DedicatedSystem/SharedSystem, Outputs:0, VendorId:0x1414
[2022.01.23-09.19.21:017][  0]LogD3D11RHI: Chosen D3D11 Adapter: 0
[2022.01.23-09.19.21:022][  0]LogD3D11RHI: Creating new Direct3DDevice
[2022.01.23-09.19.21:022][  0]LogD3D11RHI:     GPU DeviceId: 0x1b81 (for the marketing name, search the web for "GPU Device Id")
[2022.01.23-09.19.21:022][  0]LogWindows: EnumDisplayDevices:
[2022.01.23-09.19.21:022][  0]LogWindows:    0. 'NVIDIA GeForce GTX 1070' (P:1 D:1)
[2022.01.23-09.19.21:023][  0]LogWindows:    1. 'NVIDIA GeForce GTX 1070' (P:0 D:0)
[2022.01.23-09.19.21:023][  0]LogWindows:    2. 'NVIDIA GeForce GTX 1070' (P:0 D:0)
[2022.01.23-09.19.21:023][  0]LogWindows:    3. 'NVIDIA GeForce GTX 1070' (P:0 D:0)
[2022.01.23-09.19.21:023][  0]LogWindows: DebugString: FoundDriverCount:4 
[2022.01.23-09.19.21:023][  0]LogD3D11RHI:     Adapter Name: NVIDIA GeForce GTX 1070
[2022.01.23-09.19.21:023][  0]LogD3D11RHI:   Driver Version: 456.71 (internal:27.21.14.5671, unified:456.71)
[2022.01.23-09.19.21:023][  0]LogD3D11RHI:      Driver Date: 9-30-2020
[2022.01.23-09.19.21:023][  0]LogRHI: Texture pool is 5661 MB (70% of 8088 MB)
[2022.01.23-09.19.21:084][  0]LogD3D11RHI: RHI has support for 64 bit atomics
[2022.01.23-09.19.21:084][  0]LogD3D11RHI: Async texture creation enabled
[2022.01.23-09.19.21:084][  0]LogD3D11RHI: Array index from any shader is supported
[2022.01.23-09.19.21:104][  0]LogD3D11RHI: GPU Timing Frequency: 1000.000000 (Debug: 2 1)
[2022.01.23-09.19.21:106][  0]LogRHI: GeForceNow SDK initialized: 1
[2022.01.23-09.19.22:563][  0]LogTurnkeySupport: Running Turnkey SDK detection: ' -ScriptsForProject="F:/F - My Games/_ MY Games/WoodenSwordsGGJ2022/Default UE5 Template/UE5_DefaultTemplate.uproject" Turnkey -utf8output -WaitForUATMutex -command=VerifySdk -ReportFilename="F:/F - My Games/_ MY Games/WoodenSwordsGGJ2022/Default UE5 Template/Intermediate/TurnkeyReport_0.log" -log="F:/F - My Games/_ MY Games/WoodenSwordsGGJ2022/Default UE5 Template/Intermediate/TurnkeyLog_0.log" -project="F:/F - My Games/_ MY Games/WoodenSwordsGGJ2022/Default UE5 Template/UE5_DefaultTemplate.uproject"  -platform=all'
[2022.01.23-09.19.22:563][  0]LogMonitoredProcess: Running Serialized UAT: [ cmd.exe /c ""F:/F - Programs/UE_5.0EA/Engine/Build/BatchFiles/RunUAT.bat"  -ScriptsForProject="F:/F - My Games/_ MY Games/WoodenSwordsGGJ2022/Default UE5 Template/UE5_DefaultTemplate.uproject" Turnkey -utf8output -WaitForUATMutex -command=VerifySdk -ReportFilename="F:/F - My Games/_ MY Games/WoodenSwordsGGJ2022/Default UE5 Template/Intermediate/TurnkeyReport_0.log" -log="F:/F - My Games/_ MY Games/WoodenSwordsGGJ2022/Default UE5 Template/Intermediate/TurnkeyLog_0.log" -project="F:/F - My Games/_ MY Games/WoodenSwordsGGJ2022/Default UE5 Template/UE5_DefaultTemplate.uproject"  -platform=all" ]
[2022.01.23-09.19.22:830][  0]LogConfig: Display: Blocking on platform ini files took 0.00 seconds
[2022.01.23-09.19.22:830][  0]LogTargetPlatformManager: Display: Loaded TargetPlatform 'Android'
[2022.01.23-09.19.22:830][  0]LogTargetPlatformManager: Display: Loaded TargetPlatform 'Android_ASTC'
[2022.01.23-09.19.22:830][  0]LogTargetPlatformManager: Display: Loaded TargetPlatform 'Android_DXT'
[2022.01.23-09.19.22:830][  0]LogTargetPlatformManager: Display: Loaded TargetPlatform 'Android_ETC2'
[2022.01.23-09.19.22:830][  0]LogTargetPlatformManager: Display: Loaded TargetPlatform 'AndroidClient'
[2022.01.23-09.19.22:830][  0]LogTargetPlatformManager: Display: Loaded TargetPlatform 'Android_ASTCClient'
[2022.01.23-09.19.22:830][  0]LogTargetPlatformManager: Display: Loaded TargetPlatform 'Android_DXTClient'
[2022.01.23-09.19.22:830][  0]LogTargetPlatformManager: Display: Loaded TargetPlatform 'Android_ETC2Client'
[2022.01.23-09.19.22:830][  0]LogTargetPlatformManager: Display: Loaded TargetPlatform 'Android_Multi'
[2022.01.23-09.19.22:830][  0]LogTargetPlatformManager: Display: Loaded TargetPlatform 'Android_MultiClient'
[2022.01.23-09.19.22:882][  0]LogTargetPlatformManager: Display: Loaded TargetPlatform 'IOS'
[2022.01.23-09.19.22:882][  0]LogTargetPlatformManager: Display: Loaded TargetPlatform 'IOSClient'
[2022.01.23-09.19.22:937][  0]LogTargetPlatformManager: Display: Loaded TargetPlatform 'Linux'
[2022.01.23-09.19.22:937][  0]LogTargetPlatformManager: Display: Loaded TargetPlatform 'LinuxEditor'
[2022.01.23-09.19.22:937][  0]LogTargetPlatformManager: Display: Loaded TargetPlatform 'LinuxServer'
[2022.01.23-09.19.22:937][  0]LogTargetPlatformManager: Display: Loaded TargetPlatform 'LinuxClient'
[2022.01.23-09.19.23:121][  0]LogTargetPlatformManager: Display: Loaded TargetPlatform 'LinuxAArch64'
[2022.01.23-09.19.23:121][  0]LogTargetPlatformManager: Display: Loaded TargetPlatform 'LinuxAArch64Server'
[2022.01.23-09.19.23:121][  0]LogTargetPlatformManager: Display: Loaded TargetPlatform 'LinuxAArch64Client'
[2022.01.23-09.19.23:153][  0]LogTargetPlatformManager: Display: Loaded TargetPlatform 'Lumin'
[2022.01.23-09.19.23:153][  0]LogTargetPlatformManager: Display: Loaded TargetPlatform 'LuminClient'
[2022.01.23-09.19.23:234][  0]LogTargetPlatformManager: Display: Loaded TargetPlatform 'Mac'
[2022.01.23-09.19.23:234][  0]LogTargetPlatformManager: Display: Loaded TargetPlatform 'MacEditor'
[2022.01.23-09.19.23:234][  0]LogTargetPlatformManager: Display: Loaded TargetPlatform 'MacServer'
[2022.01.23-09.19.23:234][  0]LogTargetPlatformManager: Display: Loaded TargetPlatform 'MacClient'
[2022.01.23-09.19.23:390][  0]LogTargetPlatformManager: Display: Loaded TargetPlatform 'TVOS'
[2022.01.23-09.19.23:390][  0]LogTargetPlatformManager: Display: Loaded TargetPlatform 'TVOSClient'
[2022.01.23-09.19.23:491][  0]LogTargetPlatformManager: Display: Loaded TargetPlatform 'Windows'
[2022.01.23-09.19.23:491][  0]LogTargetPlatformManager: Display: Loaded TargetPlatform 'WindowsEditor'
[2022.01.23-09.19.23:491][  0]LogTargetPlatformManager: Display: Loaded TargetPlatform 'WindowsServer'
[2022.01.23-09.19.23:491][  0]LogTargetPlatformManager: Display: Loaded TargetPlatform 'WindowsClient'
[2022.01.23-09.19.23:491][  0]LogTargetPlatformManager: Display: Building Assets For WindowsEditor
[2022.01.23-09.19.23:873][  0]LogAudioDebug: Display: Lib vorbis DLL was dynamically loaded.
